\BOOKMARK [1][-]{section.1}{\376\377\137\000\123\321\135\345\121\167\123\312\163\257\130\203\213\364\146\016}{}% 1
\BOOKMARK [2][-]{subsection.1.1}{\376\377\137\000\123\321\135\345\121\167}{section.1}% 2
\BOOKMARK [2][-]{subsection.1.2}{\376\377\163\257\130\203\213\364\146\016}{section.1}% 3
\BOOKMARK [1][-]{section.2}{\376\377\177\121\176\334\200\112\131\051\172\013\136\217\116\032\122\241\122\006\147\220}{}% 4
\BOOKMARK [2][-]{subsection.2.1}{\376\377\166\370\121\163\116\032\122\241\122\006\147\220}{section.2}% 5
\BOOKMARK [3][-]{subsubsection.2.1.1}{\376\377\147\015\122\241\126\150\172\357}{subsection.2.1}% 6
\BOOKMARK [3][-]{subsubsection.2.1.2}{\376\377\133\242\142\067\172\357}{subsection.2.1}% 7
\BOOKMARK [2][-]{subsection.2.2}{\376\377\166\370\121\163\116\032\122\241\155\101\172\013\126\376}{section.2}% 8
\BOOKMARK [3][-]{subsubsection.2.2.1}{\376\377\154\350\121\214\166\173\137\125\155\101\172\013\126\376}{subsection.2.2}% 9
\BOOKMARK [3][-]{subsubsection.2.2.2}{\376\377\213\355\227\363\200\112\131\051\155\101\172\013\126\376}{subsection.2.2}% 10
\BOOKMARK [3][-]{subsubsection.2.2.3}{\376\377\145\207\116\366\117\040\217\223\155\101\172\013\126\376}{subsection.2.2}% 11
\BOOKMARK [3][-]{subsubsection.2.2.4}{\376\377\116\073\122\250\171\273\137\000\200\112\131\051\133\244\155\101\172\013\126\376}{subsection.2.2}% 12
\BOOKMARK [3][-]{subsubsection.2.2.5}{\376\377\137\072\122\066\116\013\176\277\155\101\172\013\126\376}{subsection.2.2}% 13
\BOOKMARK [1][-]{section.3}{\376\377\177\121\176\334\200\112\131\051\172\013\136\217\174\373\176\337\213\276\213\241}{}% 14
\BOOKMARK [2][-]{subsection.3.1}{\376\377\174\373\176\337\122\237\200\375\133\232\116\111}{section.3}% 15
\BOOKMARK [2][-]{subsection.3.2}{\376\377\155\210\140\157\131\064\220\350\213\276\213\241}{section.3}% 16
\BOOKMARK [2][-]{subsection.3.3}{\376\377\147\015\122\241\126\150\172\357\213\276\213\241}{section.3}% 17
\BOOKMARK [3][-]{subsubsection.3.3.1}{\376\377\147\015\122\241\126\150\172\357\166\204\165\114\227\142\213\276\213\241}{subsection.3.3}% 18
\BOOKMARK [3][-]{subsubsection.3.3.2}{\376\377\217\334\172\013\121\163\225\355\124\214\177\244\123\321\155\210\140\157\122\237\200\375\166\204\133\236\163\260}{subsection.3.3}% 19
\BOOKMARK [3][-]{subsubsection.3.3.3}{\376\377\133\242\142\067\172\357\171\273\137\000\122\237\200\375\166\204\133\236\163\260}{subsection.3.3}% 20
\BOOKMARK [3][-]{subsubsection.3.3.4}{\376\377\147\015\122\241\126\150\172\357\166\204\116\073\176\277\172\013\133\236\163\260}{subsection.3.3}% 21
\BOOKMARK [2][-]{subsection.3.4}{\376\377\133\242\142\067\172\357\213\276\213\241}{section.3}% 22
\BOOKMARK [3][-]{subsubsection.3.4.1}{\376\377\133\242\142\067\172\357\166\204\165\114\227\142\213\276\213\241}{subsection.3.4}% 23
\BOOKMARK [3][-]{subsubsection.3.4.2}{\376\377\133\242\142\067\172\357\166\204\154\350\121\214\165\114\227\142\213\276\213\241}{subsection.3.4}% 24
\BOOKMARK [3][-]{subsubsection.3.4.3}{\376\377\133\242\142\067\172\357\166\204\200\112\131\051\165\114\227\142\213\276\213\241}{subsection.3.4}% 25
\BOOKMARK [3][-]{subsubsection.3.4.4}{\376\377\133\242\142\067\172\357\166\204\171\301\200\112\165\114\227\142\213\276\213\241}{subsection.3.4}% 26
\BOOKMARK [3][-]{subsubsection.3.4.5}{\376\377\133\242\142\067\172\357\166\204\116\073\176\277\172\013\213\276\213\241}{subsection.3.4}% 27
\BOOKMARK [3][-]{subsubsection.3.4.6}{\376\377\133\242\142\067\172\357\116\213\116\366\117\246\124\054\126\150\166\204\213\276\177\156}{subsection.3.4}% 28
\BOOKMARK [3][-]{subsubsection.3.4.7}{\376\377\133\242\142\067\172\357\137\125\227\363\165\114\227\142\123\312\122\237\200\375\166\204\213\276\213\241}{subsection.3.4}% 29
\BOOKMARK [3][-]{subsubsection.3.4.8}{\376\377\174\373\176\337\145\366\224\237\166\204\213\276\213\241}{subsection.3.4}% 30
\BOOKMARK [2][-]{subsection.3.5}{\376\377\145\207\116\366\117\040\217\223\176\277\172\013\166\204\213\276\213\241}{section.3}% 31
\BOOKMARK [3][-]{subsubsection.3.5.1}{\376\377\133\242\142\067\172\357\145\207\116\366\117\040\217\223\176\277\172\013}{subsection.3.5}% 32
\BOOKMARK [3][-]{subsubsection.3.5.2}{\376\377\147\015\122\241\126\150\172\357\145\207\116\366\117\040\217\223\176\277\172\013}{subsection.3.5}% 33
\BOOKMARK [2][-]{subsection.3.6}{\376\377\145\160\143\156\136\223\166\204\213\276\213\241}{section.3}% 34
\BOOKMARK [1][-]{section.4}{\376\377\200\112\131\051\172\013\136\217\156\220\116\343\170\001\156\005\123\125}{}% 35
\BOOKMARK [2][-]{subsection.4.1}{\376\377\000P\000a\000c\000k\000a\000g\000e\000\040\000C\000l\000i\000e\000n\000t}{section.4}% 36
\BOOKMARK [2][-]{subsection.4.2}{\376\377\000P\000a\000c\000k\000a\000g\000e\000\040\000S\000e\000r\000v\000e\000r}{section.4}% 37
\BOOKMARK [1][-]{section.5}{\376\377\200\112\131\051\172\013\136\217\217\320\210\114\176\323\147\234\116\016\155\113\213\325\122\006\147\220}{}% 38
\BOOKMARK [2][-]{subsection.5.1}{\376\377\147\015\122\241\126\150\172\357\217\320\210\114\165\114\227\142}{section.5}% 39
\BOOKMARK [2][-]{subsection.5.2}{\376\377\133\242\142\067\172\357\166\173\137\125\165\114\227\142}{section.5}% 40
\BOOKMARK [2][-]{subsection.5.3}{\376\377\133\242\142\067\172\357\154\350\121\214\165\114\227\142}{section.5}% 41
\BOOKMARK [2][-]{subsection.5.4}{\376\377\133\242\142\067\172\357\154\350\121\214\166\204\116\044\171\315\140\305\121\265}{section.5}% 42
\BOOKMARK [2][-]{subsection.5.5}{\376\377\133\242\142\067\172\357\166\173\137\125\166\204\116\044\171\315\140\305\121\265}{section.5}% 43
\BOOKMARK [2][-]{subsection.5.6}{\376\377\133\242\142\067\172\357\116\073\165\114\227\142}{section.5}% 44
\BOOKMARK [2][-]{subsection.5.7}{\376\377\133\242\142\067\172\357\177\244\123\321\145\207\133\127\155\210\140\157}{section.5}% 45
\BOOKMARK [2][-]{subsection.5.8}{\376\377\133\242\142\067\172\357\177\244\123\321\213\355\227\363\155\210\140\157}{section.5}% 46
\BOOKMARK [2][-]{subsection.5.9}{\376\377\133\242\142\067\172\357\177\244\123\321\145\207\116\366}{section.5}% 47
\BOOKMARK [2][-]{subsection.5.10}{\376\377\133\242\142\067\172\357\147\345\167\013\174\373\176\337\145\366\225\364}{section.5}% 48
\BOOKMARK [2][-]{subsection.5.11}{\376\377\133\242\142\067\172\357\123\321\215\167\171\301\200\112}{section.5}% 49
\BOOKMARK [2][-]{subsection.5.12}{\376\377\133\242\142\067\172\357\171\301\200\112}{section.5}% 50
\BOOKMARK [2][-]{subsection.5.13}{\376\377\147\015\122\241\126\150\217\334\172\013\121\163\225\355\133\242\142\067\172\357}{section.5}% 51
\BOOKMARK [2][-]{subsection.5.14}{\376\377\147\015\122\241\126\150\172\357\177\244\123\321\174\373\176\337\155\210\140\157}{section.5}% 52
\BOOKMARK [1][-]{section.6}{\376\377\166\175\147\177\172\013\136\217\116\032\122\241\122\006\147\220}{}% 53
\BOOKMARK [2][-]{subsection.6.1}{\376\377\166\370\121\163\116\032\122\241\122\006\147\220}{section.6}% 54
\BOOKMARK [3][-]{subsubsection.6.1.1}{\376\377\145\131\136\010\172\357}{subsection.6.1}% 55
\BOOKMARK [3][-]{subsubsection.6.1.2}{\376\377\133\146\165\037\172\357}{subsection.6.1}% 56
\BOOKMARK [2][-]{subsection.6.2}{\376\377\166\370\121\163\116\032\122\241\155\101\172\013\126\376}{section.6}% 57
\BOOKMARK [3][-]{subsubsection.6.2.1}{\376\377\154\350\121\214\060\001\166\173\137\125\116\032\122\241\155\101\172\013\126\376}{subsection.6.2}% 58
\BOOKMARK [3][-]{subsubsection.6.2.2}{\376\377\174\373\176\337\116\032\122\241\155\101\172\013\126\376}{subsection.6.2}% 59
\BOOKMARK [1][-]{section.7}{\376\377\166\175\147\177\172\013\136\217\174\373\176\337\213\276\213\241}{}% 60
\BOOKMARK [2][-]{subsection.7.1}{\376\377\174\373\176\337\122\237\200\375\213\276\213\241}{section.7}% 61
\BOOKMARK [2][-]{subsection.7.2}{\376\377\155\210\140\157\131\064\220\350\213\276\213\241}{section.7}% 62
\BOOKMARK [2][-]{subsection.7.3}{\376\377\145\131\136\010\172\357\213\276\213\241}{section.7}% 63
\BOOKMARK [3][-]{subsubsection.7.3.1}{\376\377\145\131\136\010\172\357\166\204\165\114\227\142\213\276\213\241}{subsection.7.3}% 64
\BOOKMARK [3][-]{subsubsection.7.3.2}{\376\377\145\131\136\010\172\357\165\073\147\177\166\204\133\236\163\260}{subsection.7.3}% 65
\BOOKMARK [3][-]{subsubsection.7.3.3}{\376\377\145\131\136\010\172\357\155\073\122\250\166\321\124\054\126\150\166\204\133\236\163\260}{subsection.7.3}% 66
\BOOKMARK [2][-]{subsection.7.4}{\376\377\133\146\165\037\172\357\213\276\213\241}{section.7}% 67
\BOOKMARK [3][-]{subsubsection.7.4.1}{\376\377\133\146\165\037\172\357\165\114\227\142\213\276\213\241}{subsection.7.4}% 68
\BOOKMARK [3][-]{subsubsection.7.4.2}{\376\377\133\146\165\037\172\357\000r\000u\000n\145\271\154\325\166\204\133\236\163\260}{subsection.7.4}% 69
\BOOKMARK [3][-]{subsubsection.7.4.3}{\376\377\133\146\165\037\172\357\155\073\122\250\166\321\124\054\126\150\166\204\133\236\163\260}{subsection.7.4}% 70
\BOOKMARK [2][-]{subsection.7.5}{\376\377\123\314\172\357\145\207\116\366\117\040\217\223\176\277\172\013\166\204\133\236\163\260}{section.7}% 71
\BOOKMARK [1][-]{section.8}{\376\377\166\175\147\177\172\013\136\217\156\220\116\343\170\001\156\005\123\125}{}% 72
\BOOKMARK [2][-]{subsection.8.1}{\376\377\000P\000a\000c\000k\000a\000g\000e\000\040\000S\000t\000u\000d\000e\000n\000t}{section.8}% 73
\BOOKMARK [2][-]{subsection.8.2}{\376\377\000P\000a\000c\000k\000a\000g\000e\000\040\000T\000e\000a\000c\000h\000e\000r}{section.8}% 74
\BOOKMARK [1][-]{section.9}{\376\377\166\175\147\177\172\013\136\217\217\320\210\114\176\323\147\234\116\016\155\113\213\325\122\006\147\220}{}% 75
\BOOKMARK [2][-]{subsection.9.1}{\376\377\145\131\136\010\172\357\217\320\210\114\176\323\147\234}{section.9}% 76
\BOOKMARK [2][-]{subsection.9.2}{\376\377\133\146\165\037\172\357\217\320\210\114\176\323\147\234}{section.9}% 77
\BOOKMARK [2][-]{subsection.9.3}{\376\377\165\073\147\177\176\330\126\376\176\323\147\234}{section.9}% 78
\BOOKMARK [2][-]{subsection.9.4}{\376\377\145\131\136\010\172\357\123\321\220\001\177\244\123\321\117\341\140\157}{section.9}% 79
\BOOKMARK [2][-]{subsection.9.5}{\376\377\133\146\165\037\172\357\123\321\220\001\177\244\123\321\117\341\140\157}{section.9}% 80
\BOOKMARK [2][-]{subsection.9.6}{\376\377\133\146\165\037\172\357\213\367\154\102\123\321\212\000}{section.9}% 81
\BOOKMARK [2][-]{subsection.9.7}{\376\377\145\131\136\010\172\357\123\321\220\001\145\207\116\366}{section.9}% 82
\BOOKMARK [2][-]{subsection.9.8}{\376\377\145\131\136\010\172\357\143\320\221\222\213\244\167\037\116\012\213\376}{section.9}% 83
\BOOKMARK [2][-]{subsection.9.9}{\376\377\133\146\165\037\172\357\171\273\137\000\213\376\130\002}{section.9}% 84
\BOOKMARK [2][-]{subsection.9.10}{\376\377\145\131\136\010\172\357\147\000\176\310\165\114\227\142}{section.9}% 85
\BOOKMARK [1][-]{section.10}{\376\377\176\323\213\272\116\016\137\303\137\227}{}% 86
\BOOKMARK [2][-]{subsection.10.1}{\376\377\176\323\213\272}{section.10}% 87
\BOOKMARK [3][-]{subsubsection.10.1.1}{\376\377\200\112\131\051\133\244\172\013\136\217\155\113\213\325\122\006\147\220}{subsection.10.1}% 88
\BOOKMARK [3][-]{subsubsection.10.1.2}{\376\377\166\175\147\177\172\013\136\217\155\113\213\325\122\006\147\220}{subsection.10.1}% 89
\BOOKMARK [2][-]{subsection.10.2}{\376\377\137\303\137\227}{section.10}% 90
