\BOOKMARK [1][-]{section.1}{\376\377\230\230\166\356\116\000}{}% 1
\BOOKMARK [2][-]{subsection.1.1}{\376\377\230\230\166\356\143\317\217\360}{section.1}% 2
\BOOKMARK [2][-]{subsection.1.2}{\376\377\116\073\211\201\173\227\154\325\213\364\146\016}{section.1}% 3
\BOOKMARK [3][-]{subsubsection.1.2.1}{\376\377\170\301\166\330\214\003\165\050}{subsection.1.2}% 4
\BOOKMARK [3][-]{subsubsection.1.2.2}{\376\377\213\373\123\326\145\207\116\366}{subsection.1.2}% 5
\BOOKMARK [3][-]{subsubsection.1.2.3}{\376\377\176\337\213\241\133\127\173\046}{subsection.1.2}% 6
\BOOKMARK [3][-]{subsubsection.1.2.4}{\376\377\142\123\123\160\176\323\147\234}{subsection.1.2}% 7
\BOOKMARK [2][-]{subsection.1.3}{\376\377\217\320\210\114\165\114\227\142\166\204\121\166\116\326\122\237\200\375}{section.1}% 8
\BOOKMARK [2][-]{subsection.1.4}{\376\377\217\320\210\114\176\323\147\234}{section.1}% 9
\BOOKMARK [3][-]{subsubsection.1.4.1}{\376\377\215\167\131\313\165\114\227\142}{subsection.1.4}% 10
\BOOKMARK [3][-]{subsubsection.1.4.2}{\376\377\166\173\137\125\142\020\122\237\165\114\227\142}{subsection.1.4}% 11
\BOOKMARK [3][-]{subsubsection.1.4.3}{\376\377\166\173\137\125\131\061\215\045\165\114\227\142}{subsection.1.4}% 12
\BOOKMARK [3][-]{subsubsection.1.4.4}{\376\377\176\337\213\241\213\342\225\356\165\114\227\142\377\010\000Y\377\011}{subsection.1.4}% 13
\BOOKMARK [3][-]{subsubsection.1.4.5}{\376\377\176\337\213\241\213\342\225\356\165\114\227\142\377\010\000N\377\011}{subsection.1.4}% 14
\BOOKMARK [3][-]{subsubsection.1.4.6}{\376\377\145\207\116\366\217\223\121\145\116\016\176\337\213\241\217\223\121\372}{subsection.1.4}% 15
\BOOKMARK [3][-]{subsubsection.1.4.7}{\376\377\145\207\116\366\124\015\225\031\213\357}{subsection.1.4}% 16
\BOOKMARK [2][-]{subsection.1.5}{\376\377\213\376\172\013\213\276\213\241\140\073\176\323}{section.1}% 17
\BOOKMARK [2][-]{subsection.1.6}{\376\377\123\302\200\003\145\207\163\056}{section.1}% 18
\BOOKMARK [1][-]{section.2}{\376\377\230\230\166\356\116\214}{}% 19
\BOOKMARK [2][-]{subsection.2.1}{\376\377\230\230\166\356\143\317\217\360}{section.2}% 20
\BOOKMARK [2][-]{subsection.2.2}{\376\377\116\073\211\201\173\227\154\325\213\364\146\016}{section.2}% 21
\BOOKMARK [3][-]{subsubsection.2.2.1}{\376\377\133\217\144\315\117\134\133\232\116\111}{subsection.2.2}% 22
\BOOKMARK [3][-]{subsubsection.2.2.2}{\376\377\000n\120\074\166\204\217\223\121\145}{subsection.2.2}% 23
\BOOKMARK [3][-]{subsubsection.2.2.3}{\376\377\226\066\116\130\166\204\213\241\173\227}{subsection.2.2}% 24
\BOOKMARK [3][-]{subsubsection.2.2.4}{\376\377\226\066\116\130\176\323\147\234\166\204\217\223\121\372}{subsection.2.2}% 25
\BOOKMARK [2][-]{subsection.2.3}{\376\377\217\320\210\114\165\114\227\142}{section.2}% 26
\BOOKMARK [3][-]{subsubsection.2.3.1}{\376\377\215\167\131\313\165\114\227\142}{subsection.2.3}% 27
\BOOKMARK [3][-]{subsubsection.2.3.2}{\376\377\166\173\137\125\142\020\122\237}{subsection.2.3}% 28
\BOOKMARK [3][-]{subsubsection.2.3.3}{\376\377\000n\120\074\217\223\121\145\136\166\213\241\173\227}{subsection.2.3}% 29
\BOOKMARK [3][-]{subsubsection.2.3.4}{\376\377\220\000\121\372\172\013\136\217}{subsection.2.3}% 30
\BOOKMARK [2][-]{subsection.2.4}{\376\377\213\376\172\013\213\276\213\241\140\073\176\323}{section.2}% 31
\BOOKMARK [2][-]{subsection.2.5}{\376\377\123\302\200\003\145\207\163\056}{section.2}% 32
\BOOKMARK [1][-]{section.3}{\376\377\230\230\166\356\116\011}{}% 33
\BOOKMARK [2][-]{subsection.3.1}{\376\377\230\230\166\356\143\317\217\360}{section.3}% 34
\BOOKMARK [2][-]{subsection.3.2}{\376\377\133\236\232\214\123\237\164\006}{section.3}% 35
\BOOKMARK [2][-]{subsection.3.3}{\376\377\133\236\232\214\153\145\232\244}{section.3}% 36
\BOOKMARK [3][-]{subsubsection.3.3.1}{\376\377\220\011\142\351\133\236\232\214\126\150\147\120}{subsection.3.3}% 37
\BOOKMARK [3][-]{subsubsection.3.3.2}{\376\377\144\055\136\372\133\236\232\214\165\065\215\357}{subsection.3.3}% 38
\BOOKMARK [3][-]{subsubsection.3.3.3}{\376\377\122\035\131\313\123\026\124\004\202\257\162\107\166\204\143\247\122\066\117\341\123\367}{subsection.3.3}% 39
\BOOKMARK [3][-]{subsubsection.3.3.4}{\376\377\121\231\133\130\120\250\126\150}{subsection.3.3}% 40
\BOOKMARK [3][-]{subsubsection.3.3.5}{\376\377\213\373\133\130\120\250\126\150}{subsection.3.3}% 41
\BOOKMARK [2][-]{subsection.3.4}{\376\377\217\320\210\114\165\114\227\142}{section.3}% 42
\BOOKMARK [2][-]{subsection.3.5}{\376\377\213\376\172\013\213\276\213\241\140\073\176\323}{section.3}% 43
\BOOKMARK [2][-]{subsection.3.6}{\376\377\123\302\200\003\145\207\163\056}{section.3}% 44
\BOOKMARK [1][-]{section.4}{\376\377\230\230\166\356\126\333}{}% 45
\BOOKMARK [2][-]{subsection.4.1}{\376\377\230\230\166\356\143\317\217\360}{section.4}% 46
\BOOKMARK [2][-]{subsection.4.2}{\376\377\133\236\232\214\123\237\164\006}{section.4}% 47
\BOOKMARK [2][-]{subsection.4.3}{\376\377\133\236\232\214\213\276\213\241}{section.4}% 48
\BOOKMARK [2][-]{subsection.4.4}{\376\377\217\320\210\114\165\114\227\142}{section.4}% 49
\BOOKMARK [2][-]{subsection.4.5}{\376\377\213\376\172\013\213\276\213\241\140\073\176\323}{section.4}% 50
\BOOKMARK [2][-]{subsection.4.6}{\376\377\123\302\200\003\145\207\163\056}{section.4}% 51
\BOOKMARK [1][-]{section.5}{\376\377\145\164\117\123\140\073\176\323}{}% 52
\BOOKMARK [1][-]{section.6}{\376\377\226\104\137\125}{}% 53
\BOOKMARK [2][-]{subsection.6.1}{\376\377\230\230\166\356\116\000\156\220\116\343\170\001}{section.6}% 54
\BOOKMARK [2][-]{subsection.6.2}{\376\377\230\230\166\356\116\214\156\220\116\343\170\001}{section.6}% 55
