\BOOKMARK [1][-]{section.1}{\376\377\225\356\230\230\143\317\217\360}{}% 1
\BOOKMARK [2][-]{subsection.1.1}{\376\377\133\236\215\365\166\356\166\204}{section.1}% 2
\BOOKMARK [2][-]{subsection.1.2}{\376\377\213\376\172\013\213\276\213\241\166\204\127\372\147\054\211\201\154\102}{section.1}% 3
\BOOKMARK [2][-]{subsection.1.3}{\376\377\230\171\166\356\127\372\147\054\121\205\133\271\116\016\211\201\154\102}{section.1}% 4
\BOOKMARK [1][-]{section.2}{\376\377\227\000\154\102\122\006\147\220}{}% 5
\BOOKMARK [2][-]{subsection.2.1}{\376\377\137\000\123\321\163\257\130\203}{section.2}% 6
\BOOKMARK [2][-]{subsection.2.2}{\376\377\165\050\117\213\122\006\147\220}{section.2}% 7
\BOOKMARK [1][-]{section.3}{\376\377\213\276\213\241\140\035\140\363}{}% 8
\BOOKMARK [1][-]{section.4}{\376\377\151\202\211\201\213\276\213\241}{}% 9
\BOOKMARK [2][-]{subsection.4.1}{\376\377\145\160\143\156\136\223\151\202\211\201\213\276\213\241}{section.4}% 10
\BOOKMARK [2][-]{subsection.4.2}{\376\377\000A\000n\000d\000r\000o\000i\000d\167\013\165\305\230\204\176\246\133\242\142\067\172\357\151\202\211\201\213\276\213\241}{section.4}% 11
\BOOKMARK [2][-]{subsection.4.3}{\376\377\124\016\123\360\173\241\164\006\174\373\176\337\151\202\211\201\213\276\213\241}{section.4}% 12
\BOOKMARK [1][-]{section.5}{\376\377\213\346\176\306\213\276\213\241}{}% 13
\BOOKMARK [2][-]{subsection.5.1}{\376\377\145\160\143\156\136\223\213\346\176\306\213\276\213\241}{section.5}% 14
\BOOKMARK [3][-]{subsubsection.5.1.1}{\376\377\000u\000s\000e\000r\210\150}{subsection.5.1}% 15
\BOOKMARK [3][-]{subsubsection.5.1.2}{\376\377\000d\000o\000c\000t\000o\000r\210\150}{subsection.5.1}% 16
\BOOKMARK [3][-]{subsubsection.5.1.3}{\376\377\000d\000e\000p\000a\000r\000t\210\150}{subsection.5.1}% 17
\BOOKMARK [3][-]{subsubsection.5.1.4}{\376\377\000s\000c\000h\000e\000d\000u\000l\000e\210\150}{subsection.5.1}% 18
\BOOKMARK [3][-]{subsubsection.5.1.5}{\376\377\000m\000y\000o\000r\000d\000e\000r\210\150}{subsection.5.1}% 19
\BOOKMARK [3][-]{subsubsection.5.1.6}{\376\377\000a\000d\000m\000i\000n\000i\000s\000t\000r\000a\000t\000o\000r\210\150}{subsection.5.1}% 20
\BOOKMARK [2][-]{subsection.5.2}{\376\377\000A\000n\000d\000r\000o\000i\000d\167\013\165\305\230\204\176\246\133\242\142\067\172\357\165\114\227\142\213\276\213\241}{section.5}% 21
\BOOKMARK [3][-]{subsubsection.5.2.1}{\376\377\165\114\227\142\213\276\213\241\155\101\172\013\126\376}{subsection.5.2}% 22
\BOOKMARK [3][-]{subsubsection.5.2.2}{\376\377\124\057\122\250\165\114\227\142}{subsection.5.2}% 23
\BOOKMARK [3][-]{subsubsection.5.2.3}{\376\377\166\173\137\125\165\114\227\142}{subsection.5.2}% 24
\BOOKMARK [3][-]{subsubsection.5.2.4}{\376\377\154\350\121\214\165\114\227\142}{subsection.5.2}% 25
\BOOKMARK [3][-]{subsubsection.5.2.5}{\376\377\165\050\142\067\231\226\230\165}{subsection.5.2}% 26
\BOOKMARK [3][-]{subsubsection.5.2.6}{\376\377\171\321\133\244\122\027\210\150}{subsection.5.2}% 27
\BOOKMARK [2][-]{subsection.5.3}{\376\377\000A\000n\000d\000r\000o\000i\000d\167\013\165\305\230\204\176\246\133\242\142\067\172\357\144\315\117\134\133\236\163\260}{section.5}% 28
\BOOKMARK [3][-]{subsubsection.5.3.1}{\376\377\124\057\122\250\165\114\227\142}{subsection.5.3}% 29
\BOOKMARK [3][-]{subsubsection.5.3.2}{\376\377\166\173\137\125\000/\154\350\121\214\165\114\227\142}{subsection.5.3}% 30
\BOOKMARK [3][-]{subsubsection.5.3.3}{\376\377\230\204\176\246\165\114\227\142}{subsection.5.3}% 31
\BOOKMARK [3][-]{subsubsection.5.3.4}{\376\377\145\057\116\330\165\114\227\142}{subsection.5.3}% 32
\BOOKMARK [3][-]{subsubsection.5.3.5}{\376\377\142\021\166\204\117\341\140\157\165\114\227\142}{subsection.5.3}% 33
\BOOKMARK [2][-]{subsection.5.4}{\376\377\221\115\177\156\000a\000n\000d\000r\000o\000i\000d\177\121\176\334}{section.5}% 34
\BOOKMARK [3][-]{subsubsection.5.4.1}{\376\377\221\115\177\156\000b\000a\000s\000e\000u\000r\000l}{subsection.5.4}% 35
\BOOKMARK [3][-]{subsubsection.5.4.2}{\376\377\177\026\121\231\135\345\121\167\174\173\000N\000e\000t\000U\000t\000i\000l}{subsection.5.4}% 36
\BOOKMARK [2][-]{subsection.5.5}{\376\377\124\016\123\360\173\241\164\006\174\373\176\337\122\115\172\357\213\346\176\306\213\276\213\241}{section.5}% 37
\BOOKMARK [3][-]{subsubsection.5.5.1}{\376\377\000c\000o\000n\000t\000r\000o\000l\000l\000e\000r\000.\000j\000s\000p}{subsection.5.5}% 38
\BOOKMARK [3][-]{subsubsection.5.5.2}{\376\377\000o\000r\000d\000e\000r\000s\000.\000j\000s\000p}{subsection.5.5}% 39
\BOOKMARK [3][-]{subsubsection.5.5.3}{\376\377\000d\000o\000c\000t\000o\000r\000s\000.\000j\000s\000p}{subsection.5.5}% 40
\BOOKMARK [3][-]{subsubsection.5.5.4}{\376\377\000s\000c\000h\000e\000d\000u\000l\000e\000s\000.\000j\000s\000p}{subsection.5.5}% 41
\BOOKMARK [2][-]{subsection.5.6}{\376\377\230\204\176\246\143\002\123\367\000W\000e\000b\147\015\122\241\126\150\213\346\176\306\213\276\213\241}{section.5}% 42
\BOOKMARK [3][-]{subsubsection.5.6.1}{\376\377\000b\000e\000a\000n}{subsection.5.6}% 43
\BOOKMARK [3][-]{subsubsection.5.6.2}{\376\377\000d\000a\000o}{subsection.5.6}% 44
\BOOKMARK [3][-]{subsubsection.5.6.3}{\376\377\000S\000e\000r\000v\000l\000e\000t}{subsection.5.6}% 45
\BOOKMARK [3][-]{subsubsection.5.6.4}{\376\377\000b\000a\000c\000k\000e\000n\000d}{subsection.5.6}% 46
\BOOKMARK [3][-]{subsubsection.5.6.5}{\376\377\000u\000t\000i\000l\000s}{subsection.5.6}% 47
\BOOKMARK [1][-]{section.6}{\376\377\214\003\213\325\145\271\154\325}{}% 48
\BOOKMARK [2][-]{subsection.6.1}{\376\377\171\373\122\250\172\357\214\003\213\325\145\271\154\325}{section.6}% 49
\BOOKMARK [3][-]{subsubsection.6.1.1}{\376\377\000A\000n\000d\000r\000o\000i\000d\172\357\217\336\143\245\147\015\122\241\126\150\131\061\215\045}{subsection.6.1}% 50
\BOOKMARK [3][-]{subsubsection.6.1.2}{\376\377\000A\000n\000d\000r\000o\000i\000d\172\357\217\336\143\245\147\015\122\241\126\150\142\020\122\237\377\014\117\106\146\057\145\340\154\325\203\267\123\326\145\160\143\156}{subsection.6.1}% 51
\BOOKMARK [2][-]{subsection.6.2}{\376\377\147\015\122\241\126\150\172\357\214\003\213\325\145\271\154\325}{section.6}% 52
\BOOKMARK [3][-]{subsubsection.6.2.1}{\376\377\166\173\137\125\122\044\145\255\133\127\173\046\116\062\116\072\172\172}{subsection.6.2}% 53
\BOOKMARK [3][-]{subsubsection.6.2.2}{\376\377\215\046\123\367\133\306\170\001\166\204\117\040\217\223\133\211\121\150\225\356\230\230}{subsection.6.2}% 54
\BOOKMARK [2][-]{subsection.6.3}{\376\377\122\115\172\357\230\165\227\142\214\003\213\325}{section.6}% 55
\BOOKMARK [3][-]{subsubsection.6.3.1}{\376\377\122\115\172\357\122\250\140\001\156\062\147\323\210\150\150\074\131\061\215\045}{subsection.6.3}% 56
\BOOKMARK [1][-]{section.7}{\376\377\155\113\213\325\176\323\147\234}{}% 57
\BOOKMARK [2][-]{subsection.7.1}{\376\377\171\373\122\250\172\357\155\113\213\325\176\323\147\234}{section.7}% 58
\BOOKMARK [3][-]{subsubsection.7.1.1}{\376\377\124\057\122\250\165\114\227\142}{subsection.7.1}% 59
\BOOKMARK [3][-]{subsubsection.7.1.2}{\376\377\166\173\137\125\165\114\227\142}{subsection.7.1}% 60
\BOOKMARK [3][-]{subsubsection.7.1.3}{\376\377\154\350\121\214\165\114\227\142}{subsection.7.1}% 61
\BOOKMARK [3][-]{subsubsection.7.1.4}{\376\377\231\226\230\165\165\114\227\142}{subsection.7.1}% 62
\BOOKMARK [3][-]{subsubsection.7.1.5}{\376\377\230\204\176\246\155\113\213\325}{subsection.7.1}% 63
\BOOKMARK [3][-]{subsubsection.7.1.6}{\376\377\142\021\166\204\117\341\140\157\165\114\227\142}{subsection.7.1}% 64
\BOOKMARK [2][-]{subsection.7.2}{\376\377\124\016\123\360\173\241\164\006\174\373\176\337\155\113\213\325\176\323\147\234}{section.7}% 65
\BOOKMARK [3][-]{subsubsection.7.2.1}{\376\377\166\173\137\125\165\114\227\142}{subsection.7.2}% 66
\BOOKMARK [3][-]{subsubsection.7.2.2}{\376\377\143\247\122\066\123\360\165\114\227\142}{subsection.7.2}% 67
\BOOKMARK [3][-]{subsubsection.7.2.3}{\376\377\230\204\176\246\117\341\140\157\173\241\164\006\165\114\227\142}{subsection.7.2}% 68
\BOOKMARK [3][-]{subsubsection.7.2.4}{\376\377\123\073\165\037\117\341\140\157\173\241\164\006\165\114\227\142}{subsection.7.2}% 69
\BOOKMARK [3][-]{subsubsection.7.2.5}{\376\377\143\222\163\355\117\341\140\157\173\241\164\006\165\114\227\142}{subsection.7.2}% 70
\BOOKMARK [1][-]{section.8}{\376\377\137\303\137\227\117\123\117\032}{}% 71
\BOOKMARK [2][-]{subsection.8.1}{\376\377\161\237\140\211\171\373\122\250\172\357\000+\124\016\123\360\173\241\164\006\174\373\176\337\000+\147\015\122\241\126\150\166\204\137\000\123\321\155\101\172\013}{section.8}% 72
\BOOKMARK [2][-]{subsection.8.2}{\376\377\143\320\123\107\201\352\135\361\166\204\122\250\142\113\200\375\122\233}{section.8}% 73
\BOOKMARK [2][-]{subsection.8.3}{\376\377\130\236\137\072\174\373\176\337\137\000\123\321\200\375\122\233}{section.8}% 74
\BOOKMARK [2][-]{subsection.8.4}{\376\377\133\146\117\032\214\003\213\325\116\343\170\001}{section.8}% 75
\BOOKMARK [2][-]{subsection.8.5}{\376\377\133\146\117\032\117\177\165\050\122\115\172\357\150\106\147\266}{section.8}% 76
\BOOKMARK [1][-]{section.9}{\376\377\123\302\200\003\145\207\163\056}{}% 77
\BOOKMARK [1][-]{section.10}{\376\377\226\104\137\125}{}% 78
\BOOKMARK [2][-]{subsection.10.1}{\376\377\000A\000n\000d\000r\000o\000i\000d\172\357\116\343\170\001\156\005\123\125}{section.10}% 79
\BOOKMARK [3][-]{subsubsection.10.1.1}{\376\377\000j\000a\000v\000a}{subsection.10.1}% 80
\BOOKMARK [3][-]{subsubsection.10.1.2}{\376\377\000r\000e\000s}{subsection.10.1}% 81
\BOOKMARK [3][-]{subsubsection.10.1.3}{\376\377\000A\000n\000d\000r\000o\000i\000d\000M\000a\000n\000i\000f\000e\000s\000t\000.\000x\000m\000l}{subsection.10.1}% 82
\BOOKMARK [2][-]{subsection.10.2}{\376\377\124\016\123\360\173\241\164\006\174\373\176\337\123\312\147\015\122\241\126\150\116\343\170\001\156\005\123\125}{section.10}% 83
\BOOKMARK [3][-]{subsubsection.10.2.1}{\376\377\000j\000a\000v\000a}{subsection.10.2}% 84
\BOOKMARK [3][-]{subsubsection.10.2.2}{\376\377\000r\000e\000s\000o\000u\000r\000c\000e\000s}{subsection.10.2}% 85
\BOOKMARK [3][-]{subsubsection.10.2.3}{\376\377\000w\000e\000b\000a\000p\000p}{subsection.10.2}% 86
