\BOOKMARK [1][-]{section.1}{\376\377\177\121\176\334\147\015\122\241\126\150\144\055\136\372}{}% 1
\BOOKMARK [2][-]{subsection.1.1}{\376\377\221\307\165\050\142\200\147\057}{section.1}% 2
\BOOKMARK [3][-]{subsubsection.1.1.1}{\376\377\000T\000o\000m\000c\000a\000t}{subsection.1.1}% 3
\BOOKMARK [3][-]{subsubsection.1.1.2}{\376\377\000J\000a\000v\000a\000\040\000S\000e\000r\000v\000l\000e\000t}{subsection.1.1}% 4
\BOOKMARK [2][-]{subsection.1.2}{\376\377\165\037\116\247\163\257\130\203}{section.1}% 5
\BOOKMARK [2][-]{subsection.1.3}{\376\377\000T\000o\000m\000c\000a\000t\144\055\136\372\217\307\172\013}{section.1}% 6
\BOOKMARK [3][-]{subsubsection.1.3.1}{\376\377\116\013\217\175\000T\000o\000m\000c\000a\000t}{subsection.1.3}% 7
\BOOKMARK [3][-]{subsubsection.1.3.2}{\376\377\221\115\177\156\163\257\130\203\123\330\221\317}{subsection.1.3}% 8
\BOOKMARK [2][-]{subsection.1.4}{\376\377\155\113\213\325\000T\000o\000m\000c\000a\000t}{section.1}% 9
\BOOKMARK [3][-]{subsubsection.1.4.1}{\376\377\124\057\122\250\000T\000o\000m\000c\000a\000t\145\271\154\325\116\000}{subsection.1.4}% 10
\BOOKMARK [3][-]{subsubsection.1.4.2}{\376\377\124\057\122\250\000T\000o\000m\000c\000a\000t\145\271\154\325\116\214}{subsection.1.4}% 11
\BOOKMARK [3][-]{subsubsection.1.4.3}{\376\377\213\277\225\356\000T\000o\000m\000c\000a\000t}{subsection.1.4}% 12
\BOOKMARK [1][-]{section.2}{\376\377\145\160\143\156\136\223\144\055\136\372}{}% 13
\BOOKMARK [2][-]{subsection.2.1}{\376\377\221\307\165\050\142\200\147\057}{section.2}% 14
\BOOKMARK [3][-]{subsubsection.2.1.1}{\376\377\000M\000y\000S\000Q\000L}{subsection.2.1}% 15
\BOOKMARK [3][-]{subsubsection.2.1.2}{\376\377\000J\000D\000B\000C}{subsection.2.1}% 16
\BOOKMARK [2][-]{subsection.2.2}{\376\377\165\037\116\247\163\257\130\203}{section.2}% 17
\BOOKMARK [2][-]{subsection.2.3}{\376\377\145\160\143\156\136\223\213\276\213\241}{section.2}% 18
\BOOKMARK [3][-]{subsubsection.2.3.1}{\376\377\136\372\172\313\145\160\143\156\136\223}{subsection.2.3}% 19
\BOOKMARK [3][-]{subsubsection.2.3.2}{\376\377\000u\000s\000e\000r\210\150}{subsection.2.3}% 20
\BOOKMARK [3][-]{subsubsection.2.3.3}{\376\377\000d\000o\000c\000t\000o\000r\210\150}{subsection.2.3}% 21
\BOOKMARK [3][-]{subsubsection.2.3.4}{\376\377\000d\000e\000p\000a\000r\000t\210\150}{subsection.2.3}% 22
\BOOKMARK [3][-]{subsubsection.2.3.5}{\376\377\000s\000c\000h\000e\000d\000u\000l\000e\210\150}{subsection.2.3}% 23
\BOOKMARK [3][-]{subsubsection.2.3.6}{\376\377\000m\000y\000o\000r\000d\000e\000r\210\150}{subsection.2.3}% 24
